build/outputs/logs/manifest-merger-debug-report.txt
-- Merging decision tree log ---
manifest
ADDED from openIMDemo_src_2.0.2.1\AndroidManifest.xml:2:1-202:12
	package
		ADDED from openIMDemo_src_2.0.2.1\AndroidManifest.xml:4:5-39
	android:versionName
		ADDED from openIMDemo_src_2.0.2.1\AndroidManifest.xml:6:5-30
		INJECTED from openIMDemo_src_2.0.2.1\AndroidManifest.xml
		INJECTED from openIMDemo_src_2.0.2.1\AndroidManifest.xml
	xmlns:tools
		ADDED from openIMDemo_src_2.0.2.1\AndroidManifest.xml:3:5-51
	android:versionCode
		ADDED from openIMDemo_src_2.0.2.1\AndroidManifest.xml:5:5-28
		INJECTED from openIMDemo_src_2.0.2.1\AndroidManifest.xml
		INJECTED from openIMDemo_src_2.0.2.1\AndroidManifest.xml
	xmlns:android
		ADDED from openIMDemo_src_2.0.2.1\AndroidManifest.xml:2:11-69
uses-sdk
ADDED from openIMDemo_src_2.0.2.1\AndroidManifest.xml:8:5-116
MERGED from [com.android.support:multidex:1.0.1] AndroidManifest.xml:18:5-42
MERGED from [openIMDemo_src_2.0.2.1:OneSDK:unspecified] AndroidManifest.xml:8:5-10:40
MERGED from [openIMDemo_src_2.0.2.1:YunWangVideoSDK:unspecified] AndroidManifest.xml:7:5-9:41
MERGED from [com.squareup.leakcanary:leakcanary-android:1.3] AndroidManifest.xml:20:5-22:41
	tools:overrideLibrary
		ADDED from openIMDemo_src_2.0.2.1\AndroidManifest.xml:8:42-114
	android:targetSdkVersion
		INJECTED from openIMDemo_src_2.0.2.1\AndroidManifest.xml
		INJECTED from openIMDemo_src_2.0.2.1\AndroidManifest.xml
	android:minSdkVersion
		ADDED from openIMDemo_src_2.0.2.1\AndroidManifest.xml:8:15-41
		INJECTED from openIMDemo_src_2.0.2.1\AndroidManifest.xml
		INJECTED from openIMDemo_src_2.0.2.1\AndroidManifest.xml
uses-permission#android.permission.WRITE_EXTERNAL_STORAGE
ADDED from openIMDemo_src_2.0.2.1\AndroidManifest.xml:9:5-81
MERGED from [openIMDemo_src_2.0.2.1:OneSDK:unspecified] AndroidManifest.xml:12:5-81
MERGED from [openIMDemo_src_2.0.2.1:YunWangVideoSDK:unspecified] AndroidManifest.xml:16:5-81
	android:name
		ADDED from openIMDemo_src_2.0.2.1\AndroidManifest.xml:9:22-78
uses-permission#android.permission.ACCESS_NETWORK_STATE
ADDED from openIMDemo_src_2.0.2.1\AndroidManifest.xml:10:5-79
MERGED from [openIMDemo_src_2.0.2.1:OneSDK:unspecified] AndroidManifest.xml:14:5-79
MERGED from [openIMDemo_src_2.0.2.1:YunWangVideoSDK:unspecified] AndroidManifest.xml:23:5-79
	android:name
		ADDED from openIMDemo_src_2.0.2.1\AndroidManifest.xml:10:22-76
uses-permission#android.permission.ACCESS_WIFI_STATE
ADDED from openIMDemo_src_2.0.2.1\AndroidManifest.xml:11:5-76
MERGED from [openIMDemo_src_2.0.2.1:OneSDK:unspecified] AndroidManifest.xml:15:5-76
	android:name
		ADDED from openIMDemo_src_2.0.2.1\AndroidManifest.xml:11:22-73
uses-permission#android.permission.READ_PHONE_STATE
ADDED from openIMDemo_src_2.0.2.1\AndroidManifest.xml:12:5-75
MERGED from [openIMDemo_src_2.0.2.1:OneSDK:unspecified] AndroidManifest.xml:16:5-75
MERGED from [openIMDemo_src_2.0.2.1:YunWangVideoSDK:unspecified] AndroidManifest.xml:15:5-75
	android:name
		ADDED from openIMDemo_src_2.0.2.1\AndroidManifest.xml:12:22-72
uses-permission#android.permission.READ_SETTINGS
ADDED from openIMDemo_src_2.0.2.1\AndroidManifest.xml:13:5-72
MERGED from [openIMDemo_src_2.0.2.1:OneSDK:unspecified] AndroidManifest.xml:17:5-72
	android:name
		ADDED from openIMDemo_src_2.0.2.1\AndroidManifest.xml:13:22-69
uses-permission#android.permission.WRITE_SETTINGS
ADDED from openIMDemo_src_2.0.2.1\AndroidManifest.xml:14:5-73
MERGED from [openIMDemo_src_2.0.2.1:OneSDK:unspecified] AndroidManifest.xml:18:5-73
	android:name
		ADDED from openIMDemo_src_2.0.2.1\AndroidManifest.xml:14:22-70
uses-permission#android.permission.INTERNET
ADDED from openIMDemo_src_2.0.2.1\AndroidManifest.xml:15:5-67
MERGED from [openIMDemo_src_2.0.2.1:OneSDK:unspecified] AndroidManifest.xml:19:5-67
MERGED from [openIMDemo_src_2.0.2.1:YunWangVideoSDK:unspecified] AndroidManifest.xml:22:5-67
	android:name
		ADDED from openIMDemo_src_2.0.2.1\AndroidManifest.xml:15:22-64
uses-permission#android.permission.READ_EXTERNAL_STORAGE
ADDED from openIMDemo_src_2.0.2.1\AndroidManifest.xml:16:5-80
MERGED from [openIMDemo_src_2.0.2.1:OneSDK:unspecified] AndroidManifest.xml:13:5-80
MERGED from [openIMDemo_src_2.0.2.1:YunWangVideoSDK:unspecified] AndroidManifest.xml:24:5-80
	android:name
		ADDED from openIMDemo_src_2.0.2.1\AndroidManifest.xml:16:22-77
uses-permission#android.permission.GET_TASKS
ADDED from openIMDemo_src_2.0.2.1\AndroidManifest.xml:17:5-68
MERGED from [openIMDemo_src_2.0.2.1:OneSDK:unspecified] AndroidManifest.xml:20:5-68
	android:name
		ADDED from openIMDemo_src_2.0.2.1\AndroidManifest.xml:17:22-65
uses-permission#android.permission.RECORD_AUDIO
ADDED from openIMDemo_src_2.0.2.1\AndroidManifest.xml:18:5-71
MERGED from [openIMDemo_src_2.0.2.1:OneSDK:unspecified] AndroidManifest.xml:21:5-71
MERGED from [openIMDemo_src_2.0.2.1:YunWangVideoSDK:unspecified] AndroidManifest.xml:19:5-71
	android:name
		ADDED from openIMDemo_src_2.0.2.1\AndroidManifest.xml:18:22-68
uses-permission#android.permission.WAKE_LOCK
ADDED from openIMDemo_src_2.0.2.1\AndroidManifest.xml:19:5-68
MERGED from [openIMDemo_src_2.0.2.1:OneSDK:unspecified] AndroidManifest.xml:22:5-68
MERGED from [openIMDemo_src_2.0.2.1:YunWangVideoSDK:unspecified] AndroidManifest.xml:21:5-68
	android:name
		ADDED from openIMDemo_src_2.0.2.1\AndroidManifest.xml:19:22-65
uses-permission#android.permission.MODIFY_AUDIO_SETTINGS
ADDED from openIMDemo_src_2.0.2.1\AndroidManifest.xml:20:5-80
MERGED from [openIMDemo_src_2.0.2.1:OneSDK:unspecified] AndroidManifest.xml:23:5-80
	android:name
		ADDED from openIMDemo_src_2.0.2.1\AndroidManifest.xml:20:22-77
uses-permission#android.permission.VIBRATE
ADDED from openIMDemo_src_2.0.2.1\AndroidManifest.xml:21:5-66
MERGED from [openIMDemo_src_2.0.2.1:OneSDK:unspecified] AndroidManifest.xml:24:5-66
	android:name
		ADDED from openIMDemo_src_2.0.2.1\AndroidManifest.xml:21:22-63
uses-permission#android.permission.REQUEST_IGNORE_BATTERY_OPTIMIZATIONS
ADDED from openIMDemo_src_2.0.2.1\AndroidManifest.xml:22:5-95
MERGED from [openIMDemo_src_2.0.2.1:OneSDK:unspecified] AndroidManifest.xml:25:5-95
	android:name
		ADDED from openIMDemo_src_2.0.2.1\AndroidManifest.xml:22:22-92
application
ADDED from openIMDemo_src_2.0.2.1\AndroidManifest.xml:24:5-200:19
MERGED from [openIMDemo_src_2.0.2.1:OneSDK:unspecified] AndroidManifest.xml:40:5-197:19
MERGED from [openIMDemo_src_2.0.2.1:YunWangVideoSDK:unspecified] AndroidManifest.xml:26:5-102:19
MERGED from [com.squareup.leakcanary:leakcanary-android:1.3] AndroidManifest.xml:24:5-46:19
	android:label
		ADDED from openIMDemo_src_2.0.2.1\AndroidManifest.xml:28:9-41
	android:allowBackup
		ADDED from openIMDemo_src_2.0.2.1\AndroidManifest.xml:26:9-35
	android:icon
		ADDED from openIMDemo_src_2.0.2.1\AndroidManifest.xml:27:9-42
	android:theme
		ADDED from openIMDemo_src_2.0.2.1\AndroidManifest.xml:29:9-40
	tools:replace
		ADDED from openIMDemo_src_2.0.2.1\AndroidManifest.xml:30:9-84
	android:name
		ADDED from openIMDemo_src_2.0.2.1\AndroidManifest.xml:25:9-64
activity#com.alibaba.mobileim.ui.WxChattingActvity
ADDED from openIMDemo_src_2.0.2.1\AndroidManifest.xml:31:9-36:70
MERGED from [openIMDemo_src_2.0.2.1:OneSDK:unspecified] AndroidManifest.xml:47:9-53:70
	android:screenOrientation
		ADDED from openIMDemo_src_2.0.2.1\AndroidManifest.xml:34:13-49
	android:launchMode
		ADDED from [openIMDemo_src_2.0.2.1:OneSDK:unspecified] AndroidManifest.xml:50:13-43
	android:windowSoftInputMode
		ADDED from openIMDemo_src_2.0.2.1\AndroidManifest.xml:36:13-67
	android:configChanges
		ADDED from openIMDemo_src_2.0.2.1\AndroidManifest.xml:33:13-63
	android:theme
		ADDED from openIMDemo_src_2.0.2.1\AndroidManifest.xml:35:13-69
	android:name
		ADDED from openIMDemo_src_2.0.2.1\AndroidManifest.xml:32:13-69
activity#com.alibaba.mobileim.ui.WxConversationActivity
ADDED from openIMDemo_src_2.0.2.1\AndroidManifest.xml:37:9-41:69
MERGED from [openIMDemo_src_2.0.2.1:OneSDK:unspecified] AndroidManifest.xml:63:9-68:69
	android:screenOrientation
		ADDED from openIMDemo_src_2.0.2.1\AndroidManifest.xml:40:13-49
	android:launchMode
		ADDED from [openIMDemo_src_2.0.2.1:OneSDK:unspecified] AndroidManifest.xml:66:13-43
	android:configChanges
		ADDED from openIMDemo_src_2.0.2.1\AndroidManifest.xml:39:13-63
	android:theme
		ADDED from openIMDemo_src_2.0.2.1\AndroidManifest.xml:41:13-66
	android:name
		ADDED from openIMDemo_src_2.0.2.1\AndroidManifest.xml:38:13-74
activity#com.alibaba.mobileim.ui.chat.MultiImageActivity
ADDED from openIMDemo_src_2.0.2.1\AndroidManifest.xml:42:9-47:55
MERGED from [openIMDemo_src_2.0.2.1:OneSDK:unspecified] AndroidManifest.xml:71:9-77:55
	android:screenOrientation
		ADDED from openIMDemo_src_2.0.2.1\AndroidManifest.xml:45:13-47
	android:launchMode
		ADDED from openIMDemo_src_2.0.2.1\AndroidManifest.xml:44:13-43
	android:hardwareAccelerated
		ADDED from [openIMDemo_src_2.0.2.1:OneSDK:unspecified] AndroidManifest.xml:73:13-48
	android:windowSoftInputMode
		ADDED from openIMDemo_src_2.0.2.1\AndroidManifest.xml:47:13-52
	android:theme
		ADDED from openIMDemo_src_2.0.2.1\AndroidManifest.xml:46:13-64
	android:name
		ADDED from openIMDemo_src_2.0.2.1\AndroidManifest.xml:43:13-75
activity#com.alibaba.mobileim.ui.multi.lightservice.MultiPickGalleryActivity
ADDED from openIMDemo_src_2.0.2.1\AndroidManifest.xml:48:9-52:69
MERGED from [openIMDemo_src_2.0.2.1:OneSDK:unspecified] AndroidManifest.xml:85:9-89:69
	android:screenOrientation
		ADDED from openIMDemo_src_2.0.2.1\AndroidManifest.xml:51:13-49
	android:configChanges
		ADDED from openIMDemo_src_2.0.2.1\AndroidManifest.xml:50:13-63
	android:theme
		ADDED from openIMDemo_src_2.0.2.1\AndroidManifest.xml:52:13-66
	android:name
		ADDED from openIMDemo_src_2.0.2.1\AndroidManifest.xml:49:13-95
service#com.alibaba.mobileim.appmonitor.tiptool.TooltipService
ADDED from openIMDemo_src_2.0.2.1\AndroidManifest.xml:54:9-56:40
MERGED from [openIMDemo_src_2.0.2.1:OneSDK:unspecified] AndroidManifest.xml:105:9-108:19
	android:exported
		ADDED from openIMDemo_src_2.0.2.1\AndroidManifest.xml:56:13-37
	android:name
		ADDED from openIMDemo_src_2.0.2.1\AndroidManifest.xml:55:13-82
service#com.alibaba.tcms.service.TCMSService
ADDED from openIMDemo_src_2.0.2.1\AndroidManifest.xml:57:9-60:46
MERGED from [openIMDemo_src_2.0.2.1:OneSDK:unspecified] AndroidManifest.xml:111:9-115:19
	android:process
		ADDED from openIMDemo_src_2.0.2.1\AndroidManifest.xml:60:13-43
	android:exported
		ADDED from openIMDemo_src_2.0.2.1\AndroidManifest.xml:59:13-36
	android:name
		ADDED from openIMDemo_src_2.0.2.1\AndroidManifest.xml:58:13-64
service#com.alibaba.tcms.service.ListenerService
ADDED from openIMDemo_src_2.0.2.1\AndroidManifest.xml:62:9-64:39
MERGED from [openIMDemo_src_2.0.2.1:OneSDK:unspecified] AndroidManifest.xml:122:9-125:19
	android:exported
		ADDED from openIMDemo_src_2.0.2.1\AndroidManifest.xml:64:13-36
	android:name
		ADDED from openIMDemo_src_2.0.2.1\AndroidManifest.xml:63:13-68
activity#com.alibaba.openIMUIDemo.LoginActivity
ADDED from openIMDemo_src_2.0.2.1\AndroidManifest.xml:66:9-76:20
	android:screenOrientation
		ADDED from openIMDemo_src_2.0.2.1\AndroidManifest.xml:70:13-49
	android:label
		ADDED from openIMDemo_src_2.0.2.1\AndroidManifest.xml:69:13-45
	android:configChanges
		ADDED from openIMDemo_src_2.0.2.1\AndroidManifest.xml:68:13-74
	android:name
		ADDED from openIMDemo_src_2.0.2.1\AndroidManifest.xml:67:13-42
intent-filter#android.intent.action.MAIN+android.intent.category.LAUNCHER
ADDED from openIMDemo_src_2.0.2.1\AndroidManifest.xml:71:13-75:29
action#android.intent.action.MAIN
ADDED from openIMDemo_src_2.0.2.1\AndroidManifest.xml:72:17-69
	android:name
		ADDED from openIMDemo_src_2.0.2.1\AndroidManifest.xml:72:25-66
category#android.intent.category.LAUNCHER
ADDED from openIMDemo_src_2.0.2.1\AndroidManifest.xml:74:17-77
	android:name
		ADDED from openIMDemo_src_2.0.2.1\AndroidManifest.xml:74:27-74
activity#com.taobao.openimui.demo.FragmentTabs
ADDED from openIMDemo_src_2.0.2.1\AndroidManifest.xml:78:9-83:52
	android:screenOrientation
		ADDED from openIMDemo_src_2.0.2.1\AndroidManifest.xml:83:13-49
	android:launchMode
		ADDED from openIMDemo_src_2.0.2.1\AndroidManifest.xml:81:13-44
	android:configChanges
		ADDED from openIMDemo_src_2.0.2.1\AndroidManifest.xml:80:13-63
	android:theme
		ADDED from openIMDemo_src_2.0.2.1\AndroidManifest.xml:82:13-53
	android:name
		ADDED from openIMDemo_src_2.0.2.1\AndroidManifest.xml:79:13-65
activity#com.taobao.openimui.common.SimpleWebViewActivity
ADDED from openIMDemo_src_2.0.2.1\AndroidManifest.xml:84:9-88:51
	android:screenOrientation
		ADDED from openIMDemo_src_2.0.2.1\AndroidManifest.xml:87:13-49
	android:configChanges
		ADDED from openIMDemo_src_2.0.2.1\AndroidManifest.xml:86:13-63
	android:theme
		ADDED from openIMDemo_src_2.0.2.1\AndroidManifest.xml:88:13-48
	android:name
		ADDED from openIMDemo_src_2.0.2.1\AndroidManifest.xml:85:13-76
activity#com.taobao.openimui.sample.ChattingFragmentSample
ADDED from openIMDemo_src_2.0.2.1\AndroidManifest.xml:89:9-93:52
	android:screenOrientation
		ADDED from openIMDemo_src_2.0.2.1\AndroidManifest.xml:93:13-49
	android:windowSoftInputMode
		ADDED from openIMDemo_src_2.0.2.1\AndroidManifest.xml:92:13-67
	android:configChanges
		ADDED from openIMDemo_src_2.0.2.1\AndroidManifest.xml:91:13-63
	android:name
		ADDED from openIMDemo_src_2.0.2.1\AndroidManifest.xml:90:13-77
activity#com.taobao.openimui.sample.ExpandableContactsActivitySample
ADDED from openIMDemo_src_2.0.2.1\AndroidManifest.xml:94:9-98:69
	android:screenOrientation
		ADDED from openIMDemo_src_2.0.2.1\AndroidManifest.xml:97:13-49
	android:configChanges
		ADDED from openIMDemo_src_2.0.2.1\AndroidManifest.xml:96:13-63
	android:theme
		ADDED from openIMDemo_src_2.0.2.1\AndroidManifest.xml:98:13-66
	android:name
		ADDED from openIMDemo_src_2.0.2.1\AndroidManifest.xml:95:13-87
activity#com.taobao.openimui.test.MultiAccountTestActivity
ADDED from openIMDemo_src_2.0.2.1\AndroidManifest.xml:99:9-103:69
	android:screenOrientation
		ADDED from openIMDemo_src_2.0.2.1\AndroidManifest.xml:102:13-49
	android:configChanges
		ADDED from openIMDemo_src_2.0.2.1\AndroidManifest.xml:101:13-63
	android:theme
		ADDED from openIMDemo_src_2.0.2.1\AndroidManifest.xml:103:13-66
	android:name
		ADDED from openIMDemo_src_2.0.2.1\AndroidManifest.xml:100:13-77
activity#com.alibaba.mobileim.ui.atmessage.AtMsgListActivity
ADDED from openIMDemo_src_2.0.2.1\AndroidManifest.xml:105:9-110:69
MERGED from [openIMDemo_src_2.0.2.1:OneSDK:unspecified] AndroidManifest.xml:139:9-144:69
	android:screenOrientation
		ADDED from openIMDemo_src_2.0.2.1\AndroidManifest.xml:109:13-49
	android:launchMode
		ADDED from openIMDemo_src_2.0.2.1\AndroidManifest.xml:108:13-44
	android:configChanges
		ADDED from openIMDemo_src_2.0.2.1\AndroidManifest.xml:107:13-63
	android:theme
		ADDED from openIMDemo_src_2.0.2.1\AndroidManifest.xml:110:13-66
	android:name
		ADDED from openIMDemo_src_2.0.2.1\AndroidManifest.xml:106:13-79
activity#com.alibaba.mobileim.ui.atmessage.SendAtMessageDetailActivity
ADDED from openIMDemo_src_2.0.2.1\AndroidManifest.xml:111:9-117:69
MERGED from [openIMDemo_src_2.0.2.1:OneSDK:unspecified] AndroidManifest.xml:145:9-150:69
	android:screenOrientation
		ADDED from openIMDemo_src_2.0.2.1\AndroidManifest.xml:115:13-49
	android:launchMode
		ADDED from openIMDemo_src_2.0.2.1\AndroidManifest.xml:114:13-44
		REJECTED from [openIMDemo_src_2.0.2.1:OneSDK:unspecified] AndroidManifest.xml:148:13-43
	android:configChanges
		ADDED from openIMDemo_src_2.0.2.1\AndroidManifest.xml:113:13-63
	android:theme
		ADDED from openIMDemo_src_2.0.2.1\AndroidManifest.xml:117:13-66
	tools:replace
		ADDED from openIMDemo_src_2.0.2.1\AndroidManifest.xml:116:13-47
	android:name
		ADDED from openIMDemo_src_2.0.2.1\AndroidManifest.xml:112:13-89
activity#com.alibaba.mobileim.kit.chat.SelectTribeMemberActivity
ADDED from openIMDemo_src_2.0.2.1\AndroidManifest.xml:118:9-122:70
MERGED from [openIMDemo_src_2.0.2.1:OneSDK:unspecified] AndroidManifest.xml:151:9-156:70
	android:screenOrientation
		ADDED from openIMDemo_src_2.0.2.1\AndroidManifest.xml:121:13-49
	android:windowSoftInputMode
		ADDED from openIMDemo_src_2.0.2.1\AndroidManifest.xml:122:13-67
	android:configChanges
		ADDED from openIMDemo_src_2.0.2.1\AndroidManifest.xml:120:13-63
	android:theme
		ADDED from [openIMDemo_src_2.0.2.1:OneSDK:unspecified] AndroidManifest.xml:155:13-66
	android:name
		ADDED from openIMDemo_src_2.0.2.1\AndroidManifest.xml:119:13-83
activity#com.taobao.openimui.test.TestActivity1
ADDED from openIMDemo_src_2.0.2.1\AndroidManifest.xml:123:9-75
	android:name
		ADDED from openIMDemo_src_2.0.2.1\AndroidManifest.xml:123:19-72
activity#com.taobao.openimui.test.TestActivity2
ADDED from openIMDemo_src_2.0.2.1\AndroidManifest.xml:124:9-75
	android:name
		ADDED from openIMDemo_src_2.0.2.1\AndroidManifest.xml:124:19-72
activity#com.taobao.openimui.tribe.TribeMembersActivity
ADDED from openIMDemo_src_2.0.2.1\AndroidManifest.xml:125:9-128:51
	android:screenOrientation
		ADDED from openIMDemo_src_2.0.2.1\AndroidManifest.xml:128:13-49
	android:theme
		ADDED from openIMDemo_src_2.0.2.1\AndroidManifest.xml:127:13-64
	android:name
		ADDED from openIMDemo_src_2.0.2.1\AndroidManifest.xml:126:13-74
activity#com.taobao.openimui.tribe.TribeInfoActivity
ADDED from openIMDemo_src_2.0.2.1\AndroidManifest.xml:129:9-132:51
	android:screenOrientation
		ADDED from openIMDemo_src_2.0.2.1\AndroidManifest.xml:132:13-49
	android:theme
		ADDED from openIMDemo_src_2.0.2.1\AndroidManifest.xml:131:13-64
	android:name
		ADDED from openIMDemo_src_2.0.2.1\AndroidManifest.xml:130:13-71
activity#com.taobao.openimui.tribe.SearchTribeActivity
ADDED from openIMDemo_src_2.0.2.1\AndroidManifest.xml:133:9-136:51
	android:screenOrientation
		ADDED from openIMDemo_src_2.0.2.1\AndroidManifest.xml:136:13-49
	android:theme
		ADDED from openIMDemo_src_2.0.2.1\AndroidManifest.xml:135:13-64
	android:name
		ADDED from openIMDemo_src_2.0.2.1\AndroidManifest.xml:134:13-73
activity#com.taobao.openimui.tribe.EditTribeInfoActivity
ADDED from openIMDemo_src_2.0.2.1\AndroidManifest.xml:137:9-141:51
	android:screenOrientation
		ADDED from openIMDemo_src_2.0.2.1\AndroidManifest.xml:141:13-49
	android:windowSoftInputMode
		ADDED from openIMDemo_src_2.0.2.1\AndroidManifest.xml:140:13-54
	android:theme
		ADDED from openIMDemo_src_2.0.2.1\AndroidManifest.xml:139:13-64
	android:name
		ADDED from openIMDemo_src_2.0.2.1\AndroidManifest.xml:138:13-75
activity#com.taobao.openimui.tribe.InviteTribeMemberActivity
ADDED from openIMDemo_src_2.0.2.1\AndroidManifest.xml:142:9-145:51
	android:screenOrientation
		ADDED from openIMDemo_src_2.0.2.1\AndroidManifest.xml:145:13-49
	android:theme
		ADDED from openIMDemo_src_2.0.2.1\AndroidManifest.xml:144:13-64
	android:name
		ADDED from openIMDemo_src_2.0.2.1\AndroidManifest.xml:143:13-79
activity#com.taobao.openimui.tribe.TribeSystemMessageActivity
ADDED from openIMDemo_src_2.0.2.1\AndroidManifest.xml:146:9-149:51
	android:screenOrientation
		ADDED from openIMDemo_src_2.0.2.1\AndroidManifest.xml:149:13-49
	android:theme
		ADDED from openIMDemo_src_2.0.2.1\AndroidManifest.xml:148:13-64
	android:name
		ADDED from openIMDemo_src_2.0.2.1\AndroidManifest.xml:147:13-80
activity#com.taobao.openimui.tribe.SetTribeCheckModeActivity
ADDED from openIMDemo_src_2.0.2.1\AndroidManifest.xml:151:9-154:51
	android:screenOrientation
		ADDED from openIMDemo_src_2.0.2.1\AndroidManifest.xml:154:13-49
	android:theme
		ADDED from openIMDemo_src_2.0.2.1\AndroidManifest.xml:153:13-64
	android:name
		ADDED from openIMDemo_src_2.0.2.1\AndroidManifest.xml:152:13-79
activity#com.taobao.openimui.contact.ContactSystemMessageActivity
ADDED from openIMDemo_src_2.0.2.1\AndroidManifest.xml:156:9-158:67
	android:theme
		ADDED from openIMDemo_src_2.0.2.1\AndroidManifest.xml:158:13-64
	android:name
		ADDED from openIMDemo_src_2.0.2.1\AndroidManifest.xml:157:13-84
activity#com.taobao.openimui.contact.FindContactActivity
ADDED from openIMDemo_src_2.0.2.1\AndroidManifest.xml:159:9-161:67
	android:theme
		ADDED from openIMDemo_src_2.0.2.1\AndroidManifest.xml:161:13-64
	android:name
		ADDED from openIMDemo_src_2.0.2.1\AndroidManifest.xml:160:13-75
activity#com.taobao.openimui.tribe.EditMyTribeProfileActivity
ADDED from openIMDemo_src_2.0.2.1\AndroidManifest.xml:162:9-165:67
	android:screenOrientation
		ADDED from openIMDemo_src_2.0.2.1\AndroidManifest.xml:164:13-49
	android:theme
		ADDED from openIMDemo_src_2.0.2.1\AndroidManifest.xml:165:13-64
	android:name
		ADDED from openIMDemo_src_2.0.2.1\AndroidManifest.xml:163:13-80
activity#com.taobao.openimui.sample.SelectContactToSendCardActivity
ADDED from openIMDemo_src_2.0.2.1\AndroidManifest.xml:166:9-169:51
	android:screenOrientation
		ADDED from openIMDemo_src_2.0.2.1\AndroidManifest.xml:169:13-49
	android:theme
		ADDED from openIMDemo_src_2.0.2.1\AndroidManifest.xml:168:13-64
	android:name
		ADDED from openIMDemo_src_2.0.2.1\AndroidManifest.xml:167:13-86
activity#com.taobao.openimui.tribe.TribePersonalSettingActivity
ADDED from openIMDemo_src_2.0.2.1\AndroidManifest.xml:170:9-173:51
	android:screenOrientation
		ADDED from openIMDemo_src_2.0.2.1\AndroidManifest.xml:173:13-49
	android:theme
		ADDED from openIMDemo_src_2.0.2.1\AndroidManifest.xml:172:13-64
	android:name
		ADDED from openIMDemo_src_2.0.2.1\AndroidManifest.xml:171:13-82
activity#com.taobao.openimui.sample.ContactSettingActivity
ADDED from openIMDemo_src_2.0.2.1\AndroidManifest.xml:174:9-178:51
	android:screenOrientation
		ADDED from openIMDemo_src_2.0.2.1\AndroidManifest.xml:178:13-49
	android:label
		ADDED from openIMDemo_src_2.0.2.1\AndroidManifest.xml:176:13-67
	android:theme
		ADDED from openIMDemo_src_2.0.2.1\AndroidManifest.xml:177:13-64
	android:name
		ADDED from openIMDemo_src_2.0.2.1\AndroidManifest.xml:175:13-77
activity#com.taobao.openimui.sample.TribeMsgRecTypeSetActivity
ADDED from openIMDemo_src_2.0.2.1\AndroidManifest.xml:179:9-183:51
	android:screenOrientation
		ADDED from openIMDemo_src_2.0.2.1\AndroidManifest.xml:183:13-49
	android:label
		ADDED from openIMDemo_src_2.0.2.1\AndroidManifest.xml:181:13-74
	android:theme
		ADDED from openIMDemo_src_2.0.2.1\AndroidManifest.xml:182:13-64
	android:name
		ADDED from openIMDemo_src_2.0.2.1\AndroidManifest.xml:180:13-81
activity#com.taobao.openimui.privateimage.PreviewImageActivity
ADDED from openIMDemo_src_2.0.2.1\AndroidManifest.xml:185:9-89
	android:name
		ADDED from openIMDemo_src_2.0.2.1\AndroidManifest.xml:185:19-87
activity#com.taobao.openimui.privateimage.PictureActivity
ADDED from openIMDemo_src_2.0.2.1\AndroidManifest.xml:187:9-188:68
	android:theme
		ADDED from openIMDemo_src_2.0.2.1\AndroidManifest.xml:188:19-65
	android:name
		ADDED from openIMDemo_src_2.0.2.1\AndroidManifest.xml:187:19-82
activity#com.alibaba.openim.settings.SettingsActivity
ADDED from openIMDemo_src_2.0.2.1\AndroidManifest.xml:190:9-199:20
	android:label
		ADDED from openIMDemo_src_2.0.2.1\AndroidManifest.xml:192:13-37
	android:launchMode
		ADDED from openIMDemo_src_2.0.2.1\AndroidManifest.xml:193:13-48
	android:name
		ADDED from openIMDemo_src_2.0.2.1\AndroidManifest.xml:191:13-72
uses-permission#com.sec.android.provider.badge.permission.READ
ADDED from [openIMDemo_src_2.0.2.1:OneSDK:unspecified] AndroidManifest.xml:28:5-86
	android:name
		ADDED from [openIMDemo_src_2.0.2.1:OneSDK:unspecified] AndroidManifest.xml:28:22-83
uses-permission#com.sec.android.provider.badge.permission.WRITE
ADDED from [openIMDemo_src_2.0.2.1:OneSDK:unspecified] AndroidManifest.xml:29:5-87
	android:name
		ADDED from [openIMDemo_src_2.0.2.1:OneSDK:unspecified] AndroidManifest.xml:29:22-84
uses-permission#com.htc.launcher.permission.READ_SETTINGS
ADDED from [openIMDemo_src_2.0.2.1:OneSDK:unspecified] AndroidManifest.xml:30:5-81
	android:name
		ADDED from [openIMDemo_src_2.0.2.1:OneSDK:unspecified] AndroidManifest.xml:30:22-78
uses-permission#com.htc.launcher.permission.UPDATE_SHORTCUT
ADDED from [openIMDemo_src_2.0.2.1:OneSDK:unspecified] AndroidManifest.xml:31:5-83
	android:name
		ADDED from [openIMDemo_src_2.0.2.1:OneSDK:unspecified] AndroidManifest.xml:31:22-80
uses-permission#com.sonyericsson.home.permission.BROADCAST_BADGE
ADDED from [openIMDemo_src_2.0.2.1:OneSDK:unspecified] AndroidManifest.xml:32:5-88
	android:name
		ADDED from [openIMDemo_src_2.0.2.1:OneSDK:unspecified] AndroidManifest.xml:32:22-85
uses-permission#com.anddoes.launcher.permission.UPDATE_COUNT
ADDED from [openIMDemo_src_2.0.2.1:OneSDK:unspecified] AndroidManifest.xml:33:5-84
	android:name
		ADDED from [openIMDemo_src_2.0.2.1:OneSDK:unspecified] AndroidManifest.xml:33:22-81
uses-permission#com.majeur.launcher.permission.UPDATE_BADGE
ADDED from [openIMDemo_src_2.0.2.1:OneSDK:unspecified] AndroidManifest.xml:34:5-83
	android:name
		ADDED from [openIMDemo_src_2.0.2.1:OneSDK:unspecified] AndroidManifest.xml:34:22-80
uses-permission#com.huawei.android.launcher.permission.READ_SETTINGS
ADDED from [openIMDemo_src_2.0.2.1:OneSDK:unspecified] AndroidManifest.xml:35:5-92
	android:name
		ADDED from [openIMDemo_src_2.0.2.1:OneSDK:unspecified] AndroidManifest.xml:35:22-89
uses-permission#com.huawei.android.launcher.permission.WRITE_SETTINGS
ADDED from [openIMDemo_src_2.0.2.1:OneSDK:unspecified] AndroidManifest.xml:36:5-93
	android:name
		ADDED from [openIMDemo_src_2.0.2.1:OneSDK:unspecified] AndroidManifest.xml:36:22-90
uses-permission#com.huawei.android.launcher.permission.CHANGE_BADGE
ADDED from [openIMDemo_src_2.0.2.1:OneSDK:unspecified] AndroidManifest.xml:37:5-91
	android:name
		ADDED from [openIMDemo_src_2.0.2.1:OneSDK:unspecified] AndroidManifest.xml:37:22-88
activity#com.alibaba.mobileim.ui.WxViewMergedForwardMsgActivity
ADDED from [openIMDemo_src_2.0.2.1:OneSDK:unspecified] AndroidManifest.xml:54:9-60:70
	android:screenOrientation
		ADDED from [openIMDemo_src_2.0.2.1:OneSDK:unspecified] AndroidManifest.xml:58:13-49
	android:launchMode
		ADDED from [openIMDemo_src_2.0.2.1:OneSDK:unspecified] AndroidManifest.xml:57:13-43
	android:windowSoftInputMode
		ADDED from [openIMDemo_src_2.0.2.1:OneSDK:unspecified] AndroidManifest.xml:60:13-67
	android:configChanges
		ADDED from [openIMDemo_src_2.0.2.1:OneSDK:unspecified] AndroidManifest.xml:56:13-63
	android:theme
		ADDED from [openIMDemo_src_2.0.2.1:OneSDK:unspecified] AndroidManifest.xml:59:13-69
	android:name
		ADDED from [openIMDemo_src_2.0.2.1:OneSDK:unspecified] AndroidManifest.xml:55:13-82
activity#com.alibaba.mobileim.kit.imageviewer.ShowImageActivity
ADDED from [openIMDemo_src_2.0.2.1:OneSDK:unspecified] AndroidManifest.xml:78:9-84:55
	android:screenOrientation
		ADDED from [openIMDemo_src_2.0.2.1:OneSDK:unspecified] AndroidManifest.xml:82:13-49
	android:hardwareAccelerated
		ADDED from [openIMDemo_src_2.0.2.1:OneSDK:unspecified] AndroidManifest.xml:80:13-48
	android:launchMode
		ADDED from [openIMDemo_src_2.0.2.1:OneSDK:unspecified] AndroidManifest.xml:81:13-43
	android:windowSoftInputMode
		ADDED from [openIMDemo_src_2.0.2.1:OneSDK:unspecified] AndroidManifest.xml:84:13-52
	android:theme
		ADDED from [openIMDemo_src_2.0.2.1:OneSDK:unspecified] AndroidManifest.xml:83:13-64
	android:name
		ADDED from [openIMDemo_src_2.0.2.1:OneSDK:unspecified] AndroidManifest.xml:79:13-82
activity#com.alibaba.mobileim.ui.selectfriend.SelectFriendsActivity
ADDED from [openIMDemo_src_2.0.2.1:OneSDK:unspecified] AndroidManifest.xml:90:9-94:69
	android:screenOrientation
		ADDED from [openIMDemo_src_2.0.2.1:OneSDK:unspecified] AndroidManifest.xml:93:13-49
	android:configChanges
		ADDED from [openIMDemo_src_2.0.2.1:OneSDK:unspecified] AndroidManifest.xml:92:13-63
	android:theme
		ADDED from [openIMDemo_src_2.0.2.1:OneSDK:unspecified] AndroidManifest.xml:94:13-66
	android:name
		ADDED from [openIMDemo_src_2.0.2.1:OneSDK:unspecified] AndroidManifest.xml:91:13-86
activity#com.alibaba.mobileim.ui.FeedbackActvity
ADDED from [openIMDemo_src_2.0.2.1:OneSDK:unspecified] AndroidManifest.xml:96:9-102:70
	android:screenOrientation
		ADDED from [openIMDemo_src_2.0.2.1:OneSDK:unspecified] AndroidManifest.xml:100:13-49
	android:launchMode
		ADDED from [openIMDemo_src_2.0.2.1:OneSDK:unspecified] AndroidManifest.xml:99:13-43
	android:windowSoftInputMode
		ADDED from [openIMDemo_src_2.0.2.1:OneSDK:unspecified] AndroidManifest.xml:102:13-67
	android:configChanges
		ADDED from [openIMDemo_src_2.0.2.1:OneSDK:unspecified] AndroidManifest.xml:98:13-63
	android:theme
		ADDED from [openIMDemo_src_2.0.2.1:OneSDK:unspecified] AndroidManifest.xml:101:13-59
	android:name
		ADDED from [openIMDemo_src_2.0.2.1:OneSDK:unspecified] AndroidManifest.xml:97:13-67
service#com.alibaba.tcms.service.TCMSService$TCMSKernalService
ADDED from [openIMDemo_src_2.0.2.1:OneSDK:unspecified] AndroidManifest.xml:116:9-119:19
	android:process
		ADDED from [openIMDemo_src_2.0.2.1:OneSDK:unspecified] AndroidManifest.xml:118:13-43
	android:name
		ADDED from [openIMDemo_src_2.0.2.1:OneSDK:unspecified] AndroidManifest.xml:117:13-82
activity#com.alibaba.mobileim.kit.CloudPwdSettingHintActivity
ADDED from [openIMDemo_src_2.0.2.1:OneSDK:unspecified] AndroidManifest.xml:128:9-133:69
	android:screenOrientation
		ADDED from [openIMDemo_src_2.0.2.1:OneSDK:unspecified] AndroidManifest.xml:132:13-49
	android:launchMode
		ADDED from [openIMDemo_src_2.0.2.1:OneSDK:unspecified] AndroidManifest.xml:131:13-43
	android:configChanges
		ADDED from [openIMDemo_src_2.0.2.1:OneSDK:unspecified] AndroidManifest.xml:130:13-63
	android:theme
		ADDED from [openIMDemo_src_2.0.2.1:OneSDK:unspecified] AndroidManifest.xml:133:13-66
	android:name
		ADDED from [openIMDemo_src_2.0.2.1:OneSDK:unspecified] AndroidManifest.xml:129:13-80
activity#com.alibaba.mobileim.login.WaitProgresssActivity
ADDED from [openIMDemo_src_2.0.2.1:OneSDK:unspecified] AndroidManifest.xml:136:9-85
	android:name
		ADDED from [openIMDemo_src_2.0.2.1:OneSDK:unspecified] AndroidManifest.xml:136:19-82
activity#com.alibaba.mobileim.kit.chat.EnlargeChattingTextActivity
ADDED from [openIMDemo_src_2.0.2.1:OneSDK:unspecified] AndroidManifest.xml:157:9-161:70
	android:windowSoftInputMode